Arguments: 
  /home/son/.nvm/versions/node/v17.7.1/bin/node /home/son/.nvm/versions/node/v17.7.1/bin/yarn add react@17.0.2

PATH: 
  /home/son/.nvm/versions/node/v17.7.1/bin:/home/son/.cargo/bin:/home/son/.local/bin:/usr/local/sbin:/usr/local/bin:/usr/sbin:/usr/bin:/sbin:/bin:/usr/games:/usr/local/games:/snap/bin:/home/son/Android/Sdk/emulator:/home/son/Android/Sdk/tools:/home/son/Android/Sdk/tools/bin:/home/son/Android/Sdk/platform-tools:/home/son/Android/Sdk/emulator:/home/son/Android/Sdk/tools:/home/son/Android/Sdk/tools/bin:/home/son/Android/Sdk/platform-tools

Yarn version: 
  1.22.15

Node version: 
  17.7.1

Platform: 
  linux x64

Trace: 
  Error: https://registry.yarnpkg.com/react: ESOCKETTIMEDOUT
      at ClientRequest.<anonymous> (/home/son/.nvm/versions/node/v17.7.1/lib/node_modules/yarn/lib/cli.js:141512:19)
      at Object.onceWrapper (node:events:641:28)
      at ClientRequest.emit (node:events:527:28)
      at TLSSocket.emitRequestTimeout (node:_http_client:758:9)
      at Object.onceWrapper (node:events:641:28)
      at TLSSocket.emit (node:events:539:35)
      at TLSSocket.Socket._onTimeout (node:net:516:8)
      at listOnTimeout (node:internal/timers:559:17)
      at processTimers (node:internal/timers:502:7)

npm manifest: 
  {
    "name": "webpack",
    "version": "1.0.0",
    "description": "",
    "main": "index.js",
    "scripts": {
      "test": "echo \"Error: no test specified\" && exit 1"
    },
    "keywords": [],
    "author": "",
    "license": "ISC"
  }

yarn manifest: 
  No manifest

Lockfile: 
  No lockfile
